<?xml version="1.0" encoding="UTF-8"?>
<!-- Generated by org.testng.reporters.JUnitReportReporter -->
<testsuite hostname="Vicky" failures="0" tests="1" name="TestCases.Login_Logout" time="76.818" errors="0" timestamp="2020-10-09T15:47:04 IST" skipped="0">
  <testcase classname="TestCases.Login_Logout" name="Login_Logout" time="76.818"/>
  <system-out/>
</testsuite> <!-- TestCases.Login_Logout -->
