<?xml version="1.0" encoding="UTF-8"?>
<!-- Generated by org.testng.reporters.JUnitReportReporter -->
<testsuite hostname="Vicky" failures="0" tests="2" name="TestCases.Login_Logout" time="396.459" errors="0" timestamp="2020-10-12T14:10:57 IST" skipped="0">
  <testcase classname="TestCases.Login_Logout" name="Login_Logout" time="377.580"/>
  <system-out/>
  <testcase classname="TestCases.Login_Logout" name="Login" time="18.879"/>
  <system-out/>
</testsuite> <!-- TestCases.Login_Logout -->
