<?xml version="1.0" encoding="UTF-8"?>
<!-- Generated by org.testng.reporters.JUnitReportReporter -->
<testsuite skipped="0" hostname="Vicky" name="wave.test.cases.test" tests="1" failures="0" timestamp="2020-09-28T18:05:25 IST" time="0.917" errors="0">
  <testcase name="test" time="0.917" classname="wave.test.cases.test"/>
  <system-out/>
</testsuite> <!-- wave.test.cases.test -->
